

Microchip MPLAB XC8 Assembler V2.36 build 20220127204148 
                                                                                               Sat Oct 22 16:14:59 2022

Microchip MPLAB XC8 C Compiler v2.36 (Free license) build 20220127204148 Og1 
     1                           	processor	16F628A
     2                           	pagewidth 120
     3                           	opt	flic
     4                           	psect	cinit,global,class=CODE,merge=1,delta=2
     5                           	psect	cstackCOMMON,global,class=COMMON,space=1,delta=1,noexec
     6                           	psect	maintext,global,class=CODE,split=1,delta=2
     7                           	psect	idloc,global,abs,ovrld,class=IDLOC,space=5,delta=2,noexec
     8                           	psect	config,global,abs,ovrld,class=CONFIG,space=4,delta=2,noexec
     9                           	dabs	1,0x7E,2
    10  0000                     
    11                           ; Version 2.40
    12                           ; Generated 17/11/2021 GMT
    13                           ; 
    14                           ; Copyright © 2021, Microchip Technology Inc. and its subsidiaries ("Microchip")
    15                           ; All rights reserved.
    16                           ; 
    17                           ; This software is developed by Microchip Technology Inc. and its subsidiaries ("Microch
      +                          ip").
    18                           ; 
    19                           ; Redistribution and use in source and binary forms, with or without modification, are
    20                           ; permitted provided that the following conditions are met:
    21                           ; 
    22                           ;     1. Redistributions of source code must retain the above copyright notice, this lis
      +                          t of
    23                           ;        conditions and the following disclaimer.
    24                           ; 
    25                           ;     2. Redistributions in binary form must reproduce the above copyright notice, this 
      +                          list
    26                           ;        of conditions and the following disclaimer in the documentation and/or other
    27                           ;        materials provided with the distribution. Publication is not required when
    28                           ;        this file is used in an embedded application.
    29                           ; 
    30                           ;     3. Microchip's name may not be used to endorse or promote products derived from th
      +                          is
    31                           ;        software without specific prior written permission.
    32                           ; 
    33                           ; THIS SOFTWARE IS PROVIDED BY MICROCHIP "AS IS" AND ANY EXPRESS OR IMPLIED WARRANTIES,
    34                           ; INCLUDING, BUT NOT LIMITED TO, THE IMPLIED WARRANTIES OF MERCHANTABILITY AND FITNESS F
      +                          OR
    35                           ; PURPOSE ARE DISCLAIMED.  IN NO EVENT SHALL MICROCHIP BE LIABLE FOR ANY DIRECT, INDIREC
      +                          T,
    36                           ; INCIDENTAL, SPECIAL, EXEMPLARY, OR CONSEQUENTIAL DAMAGES (INCLUDING BUT NOT LIMITED TO
    37                           ; PROCUREMENT OF SUBSTITUTE GOODS OR SERVICES; LOSS OF USE, DATA OR PROFITS; OR BUSINESS
    38                           ; INTERRUPTION) HOWSOEVER CAUSED AND ON ANY THEORY OF LIABILITY, WHETHER IN CONTRACT, ST
      +                          RICT
    39                           ; LIABILITY, OR TORT (INCLUDING NEGLIGENCE OR OTHERWISE) ARISING IN ANY WAY OUT OF THE U
      +                          SE OF
    40                           ; THIS SOFTWARE, EVEN IF ADVISED OF THE POSSIBILITY OF SUCH DAMAGE.
    41                           ; 
    42                           ; 
    43                           ; Code-generator required, PIC16F628A Definitions
    44                           ; 
    45                           ; SFR Addresses
    46  0000                     	;# 
    47  0001                     	;# 
    48  0002                     	;# 
    49  0003                     	;# 
    50  0004                     	;# 
    51  0005                     	;# 
    52  0006                     	;# 
    53  000A                     	;# 
    54  000B                     	;# 
    55  000C                     	;# 
    56  000E                     	;# 
    57  000E                     	;# 
    58  000F                     	;# 
    59  0010                     	;# 
    60  0011                     	;# 
    61  0012                     	;# 
    62  0015                     	;# 
    63  0015                     	;# 
    64  0016                     	;# 
    65  0017                     	;# 
    66  0018                     	;# 
    67  0019                     	;# 
    68  001A                     	;# 
    69  001F                     	;# 
    70  0081                     	;# 
    71  0085                     	;# 
    72  0086                     	;# 
    73  008C                     	;# 
    74  008E                     	;# 
    75  0092                     	;# 
    76  0098                     	;# 
    77  0099                     	;# 
    78  009A                     	;# 
    79  009B                     	;# 
    80  009C                     	;# 
    81  009D                     	;# 
    82  009F                     	;# 
    83  0000                     	;# 
    84  0001                     	;# 
    85  0002                     	;# 
    86  0003                     	;# 
    87  0004                     	;# 
    88  0005                     	;# 
    89  0006                     	;# 
    90  000A                     	;# 
    91  000B                     	;# 
    92  000C                     	;# 
    93  000E                     	;# 
    94  000E                     	;# 
    95  000F                     	;# 
    96  0010                     	;# 
    97  0011                     	;# 
    98  0012                     	;# 
    99  0015                     	;# 
   100  0015                     	;# 
   101  0016                     	;# 
   102  0017                     	;# 
   103  0018                     	;# 
   104  0019                     	;# 
   105  001A                     	;# 
   106  001F                     	;# 
   107  0081                     	;# 
   108  0085                     	;# 
   109  0086                     	;# 
   110  008C                     	;# 
   111  008E                     	;# 
   112  0092                     	;# 
   113  0098                     	;# 
   114  0099                     	;# 
   115  009A                     	;# 
   116  009B                     	;# 
   117  009C                     	;# 
   118  009D                     	;# 
   119  009F                     	;# 
   120  0005                     _PORTAbits	set	5
   121  0006                     _PORTBbits	set	6
   122  001F                     _CMCON	set	31
   123  0001                     _TMR0	set	1
   124  005A                     _T0IF	set	90
   125  0086                     _TRISBbits	set	134
   126  0085                     _TRISAbits	set	133
   127  040A                     _PS2	set	1034
   128  0409                     _PS1	set	1033
   129  0408                     _PS0	set	1032
   130  040D                     _T0CS	set	1037
   131  040B                     _PSA	set	1035
   132                           
   133                           	psect	cinit
   134  07FE                     start_initialization:	
   135                           ; #config settings
   136                           
   137  07FE                     __initialization:
   138  07FE                     end_of_initialization:	
   139                           ;End of C runtime variable initialization code
   140                           
   141  07FE                     __end_of__initialization:
   142  07FE  0183               	clrf	3
   143  07FF  2F2C               	ljmp	_main	;jump to C main() function
   144                           
   145                           	psect	cstackCOMMON
   146  0070                     __pcstackCOMMON:
   147  0070                     ?_main:
   148  0070                     ??_main:	
   149                           ; 1 bytes @ 0x0
   150                           
   151  0070                     main@cont:	
   152                           ; 1 bytes @ 0x0
   153                           
   154                           
   155                           ; 2 bytes @ 0x0
   156  0070                     	ds	2
   157                           
   158                           	psect	maintext
   159  072C                     __pmaintext:	
   160 ;;
   161 ;;Main: autosize = 0, tempsize = 0, incstack = 0, save=0
   162 ;;
   163 ;; *************** function _main *****************
   164 ;; Defined at:
   165 ;;		line 17 in file "prac1.c"
   166 ;; Parameters:    Size  Location     Type
   167 ;;		None
   168 ;; Auto vars:     Size  Location     Type
   169 ;;  cont            2    0[COMMON] int 
   170 ;; Return value:  Size  Location     Type
   171 ;;                  1    wreg      void 
   172 ;; Registers used:
   173 ;;		wreg, status,2, status,0, btemp+1
   174 ;; Tracked objects:
   175 ;;		On entry : B00/0
   176 ;;		On exit  : 0/0
   177 ;;		Unchanged: 0/0
   178 ;; Data sizes:     COMMON   BANK0   BANK1   BANK2
   179 ;;      Params:         0       0       0       0
   180 ;;      Locals:         2       0       0       0
   181 ;;      Temps:          0       0       0       0
   182 ;;      Totals:         2       0       0       0
   183 ;;Total ram usage:        2 bytes
   184 ;; This function calls:
   185 ;;		Nothing
   186 ;; This function is called by:
   187 ;;		Startup code after reset
   188 ;; This function uses a non-reentrant model
   189 ;;
   190                           
   191  072C                     _main:	
   192                           ;psect for function _main
   193                           
   194  072C                     l632:	
   195                           ;incstack = 0
   196                           ; Regs used in _main: [wreg+status,2+status,0+btemp+1]
   197                           
   198  072C  01F0               	clrf	main@cont
   199  072D  01F1               	clrf	main@cont+1
   200  072E                     l634:
   201  072E  1683               	bsf	3,5	;RP0=1, select bank1
   202  072F  1303               	bcf	3,6	;RP1=0, select bank1
   203  0730  1005               	bcf	5,0	;volatile
   204  0731                     l636:
   205  0731  1085               	bcf	5,1	;volatile
   206  0732                     l638:
   207  0732  1105               	bcf	5,2	;volatile
   208  0733                     l640:
   209  0733  1286               	bcf	6,5	;volatile
   210  0734                     l642:
   211  0734  1306               	bcf	6,6	;volatile
   212  0735                     l644:
   213  0735  1386               	bcf	6,7	;volatile
   214  0736                     l646:
   215                           
   216                           ;prac1.c: 42:     PSA=0;
   217  0736  1181               	bcf	1,3	;volatile
   218  0737                     l648:
   219                           
   220                           ;prac1.c: 43:     T0CS=0;
   221  0737  1281               	bcf	1,5	;volatile
   222  0738                     l650:
   223                           
   224                           ;prac1.c: 44:     PS0=0;
   225  0738  1001               	bcf	1,0	;volatile
   226  0739                     l652:
   227                           
   228                           ;prac1.c: 45:     PS1=0;
   229  0739  1081               	bcf	1,1	;volatile
   230  073A                     l654:
   231                           
   232                           ;prac1.c: 46:     PS2=0;
   233  073A  1101               	bcf	1,2	;volatile
   234  073B                     l656:
   235                           
   236                           ;prac1.c: 47:     T0IF=0;
   237  073B  110B               	bcf	11,2	;volatile
   238                           
   239                           ;prac1.c: 48:     TMR0=0;
   240  073C  1283               	bcf	3,5	;RP0=0, select bank0
   241  073D  1303               	bcf	3,6	;RP1=0, select bank0
   242  073E  0181               	clrf	1	;volatile
   243  073F                     l658:
   244                           
   245                           ;prac1.c: 248:     CMCON=7;
   246  073F  3007               	movlw	7
   247  0740  009F               	movwf	31	;volatile
   248  0741                     l660:
   249                           
   250                           ;prac1.c: 251: {;prac1.c: 253:     if(cont==40 || cont==81 || cont==122)
   251  0741  3028               	movlw	40
   252  0742  0670               	xorwf	main@cont,w
   253  0743  0471               	iorwf	main@cont+1,w
   254  0744  1903               	btfsc	3,2
   255  0745  2F47               	goto	u11
   256  0746  2F48               	goto	u10
   257  0747                     u11:
   258  0747  2F56               	goto	l32
   259  0748                     u10:
   260  0748                     l662:
   261  0748  3051               	movlw	81
   262  0749  0670               	xorwf	main@cont,w
   263  074A  0471               	iorwf	main@cont+1,w
   264  074B  1903               	btfsc	3,2
   265  074C  2F4E               	goto	u21
   266  074D  2F4F               	goto	u20
   267  074E                     u21:
   268  074E  2F56               	goto	l32
   269  074F                     u20:
   270  074F                     l664:
   271  074F  307A               	movlw	122
   272  0750  0670               	xorwf	main@cont,w
   273  0751  0471               	iorwf	main@cont+1,w
   274  0752  1D03               	btfss	3,2
   275  0753  2F55               	goto	u31
   276  0754  2F56               	goto	u30
   277  0755                     u31:
   278  0755  2F5B               	goto	l30
   279  0756                     u30:
   280  0756                     l32:
   281                           
   282                           ;prac1.c: 254:     {;prac1.c: 255:             PORTBbits.RB5=0;
   283  0756  1283               	bcf	3,5	;RP0=0, select bank0
   284  0757  1303               	bcf	3,6	;RP1=0, select bank0
   285  0758  1286               	bcf	6,5	;volatile
   286                           
   287                           ;prac1.c: 256:             PORTBbits.RB6=0;
   288  0759  1306               	bcf	6,6	;volatile
   289                           
   290                           ;prac1.c: 257:             PORTBbits.RB7=0;
   291  075A  1386               	bcf	6,7	;volatile
   292  075B                     l30:	
   293                           ;prac1.c: 258:     }
   294                           
   295                           
   296                           ;prac1.c: 263:     if(T0IF==1)
   297  075B  1D0B               	btfss	11,2	;volatile
   298  075C  2F5E               	goto	u41
   299  075D  2F5F               	goto	u40
   300  075E                     u41:
   301  075E  2F68               	goto	l33
   302  075F                     u40:
   303  075F                     l666:
   304                           
   305                           ;prac1.c: 265:         {;prac1.c: 266:             T0IF=0;
   306  075F  110B               	bcf	11,2	;volatile
   307  0760                     l668:
   308                           
   309                           ;prac1.c: 267:             cont=cont+1;
   310  0760  0870               	movf	main@cont,w
   311  0761  3E01               	addlw	1
   312  0762  00F0               	movwf	main@cont
   313  0763  0871               	movf	main@cont+1,w
   314  0764  1803               	skipnc
   315  0765  3E01               	addlw	1
   316  0766  3E00               	addlw	0
   317  0767  00F1               	movwf	main@cont+1
   318  0768                     l33:	
   319                           ;prac1.c: 268:         }
   320                           
   321                           
   322                           ;prac1.c: 270:     if(cont==123)
   323  0768  307B               	movlw	123
   324  0769  0670               	xorwf	main@cont,w
   325  076A  0471               	iorwf	main@cont+1,w
   326  076B  1D03               	btfss	3,2
   327  076C  2F6E               	goto	u51
   328  076D  2F6F               	goto	u50
   329  076E                     u51:
   330  076E  2F71               	goto	l672
   331  076F                     u50:
   332  076F                     l670:
   333                           
   334                           ;prac1.c: 272:         {;prac1.c: 273:         cont=0;
   335  076F  01F0               	clrf	main@cont
   336  0770  01F1               	clrf	main@cont+1
   337  0771                     l672:
   338                           
   339                           ;prac1.c: 280:     if (cont>=0 && cont<40)
   340  0771  1BF1               	btfsc	main@cont+1,7
   341  0772  2F74               	goto	u61
   342  0773  2F75               	goto	u60
   343  0774                     u61:
   344  0774  2F9A               	goto	l678
   345  0775                     u60:
   346  0775                     l674:
   347  0775  0871               	movf	main@cont+1,w
   348  0776  3A80               	xorlw	128
   349  0777  00FF               	movwf	btemp+1
   350  0778  3080               	movlw	128
   351  0779  027F               	subwf	btemp+1,w
   352  077A  1D03               	skipz
   353  077B  2F7E               	goto	u75
   354  077C  3028               	movlw	40
   355  077D  0270               	subwf	main@cont,w
   356  077E                     u75:
   357  077E  1803               	skipnc
   358  077F  2F81               	goto	u71
   359  0780  2F82               	goto	u70
   360  0781                     u71:
   361  0781  2F9A               	goto	l678
   362  0782                     u70:
   363  0782                     l676:
   364                           
   365                           ;prac1.c: 282:        {;prac1.c: 285:             PORTAbits.RA2=0;
   366  0782  1283               	bcf	3,5	;RP0=0, select bank0
   367  0783  1303               	bcf	3,6	;RP1=0, select bank0
   368  0784  1105               	bcf	5,2	;volatile
   369                           
   370                           ;prac1.c: 287:             PORTAbits.RA0=0;
   371  0785  1005               	bcf	5,0	;volatile
   372                           
   373                           ;prac1.c: 288:             PORTAbits.RA1=1;
   374  0786  1485               	bsf	5,1	;volatile
   375                           
   376                           ;prac1.c: 289:             PORTAbits.RA1=0;
   377  0787  1085               	bcf	5,1	;volatile
   378                           
   379                           ;prac1.c: 290:             PORTAbits.RA1=1;
   380  0788  1485               	bsf	5,1	;volatile
   381                           
   382                           ;prac1.c: 291:             PORTAbits.RA1=0;
   383  0789  1085               	bcf	5,1	;volatile
   384                           
   385                           ;prac1.c: 292:             PORTAbits.RA1=1;
   386  078A  1485               	bsf	5,1	;volatile
   387                           
   388                           ;prac1.c: 293:             PORTAbits.RA1=0;
   389  078B  1085               	bcf	5,1	;volatile
   390                           
   391                           ;prac1.c: 294:             PORTAbits.RA1=1;
   392  078C  1485               	bsf	5,1	;volatile
   393                           
   394                           ;prac1.c: 295:             PORTAbits.RA1=0;
   395  078D  1085               	bcf	5,1	;volatile
   396                           
   397                           ;prac1.c: 296:             PORTAbits.RA0=1;
   398  078E  1405               	bsf	5,0	;volatile
   399                           
   400                           ;prac1.c: 297:             PORTAbits.RA1=1;
   401  078F  1485               	bsf	5,1	;volatile
   402                           
   403                           ;prac1.c: 298:             PORTAbits.RA1=0;
   404  0790  1085               	bcf	5,1	;volatile
   405                           
   406                           ;prac1.c: 299:             PORTAbits.RA1=1;
   407  0791  1485               	bsf	5,1	;volatile
   408                           
   409                           ;prac1.c: 300:             PORTAbits.RA1=0;
   410  0792  1085               	bcf	5,1	;volatile
   411                           
   412                           ;prac1.c: 301:             PORTAbits.RA0=0;
   413  0793  1005               	bcf	5,0	;volatile
   414                           
   415                           ;prac1.c: 302:             PORTAbits.RA1=1;
   416  0794  1485               	bsf	5,1	;volatile
   417                           
   418                           ;prac1.c: 303:             PORTAbits.RA1=0;
   419  0795  1085               	bcf	5,1	;volatile
   420                           
   421                           ;prac1.c: 305:             PORTAbits.RA2=1;
   422  0796  1505               	bsf	5,2	;volatile
   423                           
   424                           ;prac1.c: 307:             PORTBbits.RB5=1;
   425  0797  1686               	bsf	6,5	;volatile
   426                           
   427                           ;prac1.c: 308:             PORTBbits.RB6=0;
   428  0798  1306               	bcf	6,6	;volatile
   429                           
   430                           ;prac1.c: 309:             PORTBbits.RB7=0;
   431  0799  1386               	bcf	6,7	;volatile
   432  079A                     l678:
   433                           
   434                           ;prac1.c: 320:     if (cont>=41 && cont<81)
   435  079A  0871               	movf	main@cont+1,w
   436  079B  3A80               	xorlw	128
   437  079C  00FF               	movwf	btemp+1
   438  079D  3080               	movlw	128
   439  079E  027F               	subwf	btemp+1,w
   440  079F  1D03               	skipz
   441  07A0  2FA3               	goto	u85
   442  07A1  3029               	movlw	41
   443  07A2  0270               	subwf	main@cont,w
   444  07A3                     u85:
   445  07A3  1C03               	skipc
   446  07A4  2FA6               	goto	u81
   447  07A5  2FA7               	goto	u80
   448  07A6                     u81:
   449  07A6  2FCB               	goto	l684
   450  07A7                     u80:
   451  07A7                     l680:
   452  07A7  0871               	movf	main@cont+1,w
   453  07A8  3A80               	xorlw	128
   454  07A9  00FF               	movwf	btemp+1
   455  07AA  3080               	movlw	128
   456  07AB  027F               	subwf	btemp+1,w
   457  07AC  1D03               	skipz
   458  07AD  2FB0               	goto	u95
   459  07AE  3051               	movlw	81
   460  07AF  0270               	subwf	main@cont,w
   461  07B0                     u95:
   462  07B0  1803               	skipnc
   463  07B1  2FB3               	goto	u91
   464  07B2  2FB4               	goto	u90
   465  07B3                     u91:
   466  07B3  2FCB               	goto	l684
   467  07B4                     u90:
   468  07B4                     l682:
   469                           
   470                           ;prac1.c: 322:         {;prac1.c: 325:             PORTAbits.RA2=0;
   471  07B4  1283               	bcf	3,5	;RP0=0, select bank0
   472  07B5  1303               	bcf	3,6	;RP1=0, select bank0
   473  07B6  1105               	bcf	5,2	;volatile
   474                           
   475                           ;prac1.c: 327:             PORTAbits.RA0=0;
   476  07B7  1005               	bcf	5,0	;volatile
   477                           
   478                           ;prac1.c: 328:             PORTAbits.RA1=1;
   479  07B8  1485               	bsf	5,1	;volatile
   480                           
   481                           ;prac1.c: 329:             PORTAbits.RA1=0;
   482  07B9  1085               	bcf	5,1	;volatile
   483                           
   484                           ;prac1.c: 330:             PORTAbits.RA0=1;
   485  07BA  1405               	bsf	5,0	;volatile
   486                           
   487                           ;prac1.c: 331:             PORTAbits.RA1=1;
   488  07BB  1485               	bsf	5,1	;volatile
   489                           
   490                           ;prac1.c: 332:             PORTAbits.RA1=0;
   491  07BC  1085               	bcf	5,1	;volatile
   492                           
   493                           ;prac1.c: 333:             PORTAbits.RA1=1;
   494  07BD  1485               	bsf	5,1	;volatile
   495                           
   496                           ;prac1.c: 334:             PORTAbits.RA1=0;
   497  07BE  1085               	bcf	5,1	;volatile
   498                           
   499                           ;prac1.c: 335:             PORTAbits.RA1=1;
   500  07BF  1485               	bsf	5,1	;volatile
   501                           
   502                           ;prac1.c: 336:             PORTAbits.RA1=0;
   503  07C0  1085               	bcf	5,1	;volatile
   504                           
   505                           ;prac1.c: 337:             PORTAbits.RA1=1;
   506  07C1  1485               	bsf	5,1	;volatile
   507                           
   508                           ;prac1.c: 338:             PORTAbits.RA1=0;
   509  07C2  1085               	bcf	5,1	;volatile
   510                           
   511                           ;prac1.c: 339:             PORTAbits.RA1=1;
   512  07C3  1485               	bsf	5,1	;volatile
   513                           
   514                           ;prac1.c: 340:             PORTAbits.RA1=0;
   515  07C4  1085               	bcf	5,1	;volatile
   516                           
   517                           ;prac1.c: 341:             PORTAbits.RA1=1;
   518  07C5  1485               	bsf	5,1	;volatile
   519                           
   520                           ;prac1.c: 342:             PORTAbits.RA1=0;
   521  07C6  1085               	bcf	5,1	;volatile
   522                           
   523                           ;prac1.c: 344:             PORTAbits.RA2=1;
   524  07C7  1505               	bsf	5,2	;volatile
   525                           
   526                           ;prac1.c: 346:             PORTBbits.RB5=0;
   527  07C8  1286               	bcf	6,5	;volatile
   528                           
   529                           ;prac1.c: 347:             PORTBbits.RB6=1;
   530  07C9  1706               	bsf	6,6	;volatile
   531                           
   532                           ;prac1.c: 348:             PORTBbits.RB7=0;
   533  07CA  1386               	bcf	6,7	;volatile
   534  07CB                     l684:
   535                           
   536                           ;prac1.c: 354:     if (cont>=82 && cont<122)
   537  07CB  0871               	movf	main@cont+1,w
   538  07CC  3A80               	xorlw	128
   539  07CD  00FF               	movwf	btemp+1
   540  07CE  3080               	movlw	128
   541  07CF  027F               	subwf	btemp+1,w
   542  07D0  1D03               	skipz
   543  07D1  2FD4               	goto	u105
   544  07D2  3052               	movlw	82
   545  07D3  0270               	subwf	main@cont,w
   546  07D4                     u105:
   547  07D4  1C03               	skipc
   548  07D5  2FD7               	goto	u101
   549  07D6  2FD8               	goto	u100
   550  07D7                     u101:
   551  07D7  2F41               	goto	l660
   552  07D8                     u100:
   553  07D8                     l686:
   554  07D8  0871               	movf	main@cont+1,w
   555  07D9  3A80               	xorlw	128
   556  07DA  00FF               	movwf	btemp+1
   557  07DB  3080               	movlw	128
   558  07DC  027F               	subwf	btemp+1,w
   559  07DD  1D03               	skipz
   560  07DE  2FE1               	goto	u115
   561  07DF  307A               	movlw	122
   562  07E0  0270               	subwf	main@cont,w
   563  07E1                     u115:
   564  07E1  1803               	skipnc
   565  07E2  2FE4               	goto	u111
   566  07E3  2FE5               	goto	u110
   567  07E4                     u111:
   568  07E4  2F41               	goto	l660
   569  07E5                     u110:
   570  07E5                     l688:
   571                           
   572                           ;prac1.c: 356:         {;prac1.c: 359:             PORTAbits.RA2=0;
   573  07E5  1283               	bcf	3,5	;RP0=0, select bank0
   574  07E6  1303               	bcf	3,6	;RP1=0, select bank0
   575  07E7  1105               	bcf	5,2	;volatile
   576                           
   577                           ;prac1.c: 361:             PORTAbits.RA0=0;
   578  07E8  1005               	bcf	5,0	;volatile
   579                           
   580                           ;prac1.c: 362:             PORTAbits.RA1=1;
   581  07E9  1485               	bsf	5,1	;volatile
   582                           
   583                           ;prac1.c: 363:             PORTAbits.RA1=0;
   584  07EA  1085               	bcf	5,1	;volatile
   585                           
   586                           ;prac1.c: 364:             PORTAbits.RA0=1;
   587  07EB  1405               	bsf	5,0	;volatile
   588                           
   589                           ;prac1.c: 365:             PORTAbits.RA1=1;
   590  07EC  1485               	bsf	5,1	;volatile
   591                           
   592                           ;prac1.c: 366:             PORTAbits.RA1=0;
   593  07ED  1085               	bcf	5,1	;volatile
   594                           
   595                           ;prac1.c: 367:             PORTAbits.RA1=1;
   596  07EE  1485               	bsf	5,1	;volatile
   597                           
   598                           ;prac1.c: 368:             PORTAbits.RA1=0;
   599  07EF  1085               	bcf	5,1	;volatile
   600                           
   601                           ;prac1.c: 369:             PORTAbits.RA1=1;
   602  07F0  1485               	bsf	5,1	;volatile
   603                           
   604                           ;prac1.c: 370:             PORTAbits.RA1=0;
   605  07F1  1085               	bcf	5,1	;volatile
   606                           
   607                           ;prac1.c: 371:             PORTAbits.RA1=1;
   608  07F2  1485               	bsf	5,1	;volatile
   609                           
   610                           ;prac1.c: 372:             PORTAbits.RA1=0;
   611  07F3  1085               	bcf	5,1	;volatile
   612                           
   613                           ;prac1.c: 373:             PORTAbits.RA1=1;
   614  07F4  1485               	bsf	5,1	;volatile
   615                           
   616                           ;prac1.c: 374:             PORTAbits.RA1=0;
   617  07F5  1085               	bcf	5,1	;volatile
   618                           
   619                           ;prac1.c: 375:             PORTAbits.RA1=1;
   620  07F6  1485               	bsf	5,1	;volatile
   621                           
   622                           ;prac1.c: 376:             PORTAbits.RA1=0;
   623  07F7  1085               	bcf	5,1	;volatile
   624                           
   625                           ;prac1.c: 378:             PORTAbits.RA2=1;
   626  07F8  1505               	bsf	5,2	;volatile
   627                           
   628                           ;prac1.c: 380:             PORTBbits.RB5=0;
   629  07F9  1286               	bcf	6,5	;volatile
   630                           
   631                           ;prac1.c: 381:             PORTBbits.RB6=0;
   632  07FA  1306               	bcf	6,6	;volatile
   633                           
   634                           ;prac1.c: 382:             PORTBbits.RB7=1;
   635  07FB  1786               	bsf	6,7	;volatile
   636  07FC  2F41               	goto	l660
   637  07FD  2800               	ljmp	start
   638  07FE                     __end_of_main:
   639  007E                     btemp	set	126	;btemp
   640  007E                     wtemp0	set	126
   641                           
   642                           	psect	idloc
   643                           
   644                           ;Config register IDLOC0 @ 0x2000
   645                           ;	unspecified, using default values
   646  2000                     	org	8192
   647  2000  3FFF               	dw	16383
   648                           
   649                           ;Config register IDLOC1 @ 0x2001
   650                           ;	unspecified, using default values
   651  2001                     	org	8193
   652  2001  3FFF               	dw	16383
   653                           
   654                           ;Config register IDLOC2 @ 0x2002
   655                           ;	unspecified, using default values
   656  2002                     	org	8194
   657  2002  3FFF               	dw	16383
   658                           
   659                           ;Config register IDLOC3 @ 0x2003
   660                           ;	unspecified, using default values
   661  2003                     	org	8195
   662  2003  3FFF               	dw	16383
   663                           
   664                           	psect	config
   665                           
   666                           ;Config register CONFIG @ 0x2007
   667                           ;	Oscillator Selection bits
   668                           ;	FOSC = INTOSCIO, INTOSC oscillator: I/O function on RA6/OSC2/CLKOUT pin, I/O function 
      +                          on RA7/OSC1/CLKIN
   669                           ;	Watchdog Timer Enable bit
   670                           ;	WDTE = OFF, WDT disabled
   671                           ;	Power-up Timer Enable bit
   672                           ;	PWRTE = ON, PWRT enabled
   673                           ;	RA5/MCLR/VPP Pin Function Select bit
   674                           ;	MCLRE = OFF, RA5/MCLR/VPP pin function is digital input, MCLR internally tied to VDD
   675                           ;	Brown-out Detect Enable bit
   676                           ;	BOREN = ON, BOD enabled
   677                           ;	Low-Voltage Programming Enable bit
   678                           ;	LVP = OFF, RB4/PGM pin has digital I/O function, HV on MCLR must be used for programmi
      +                          ng
   679                           ;	Data EE Memory Code Protection bit
   680                           ;	CPD = OFF, Data memory code protection off
   681                           ;	Flash Program Memory Code Protection bit
   682                           ;	CP = OFF, Code protection off
   683  2007                     	org	8199
   684  2007  3F50               	dw	16208

Data Sizes:
    Strings     0
    Constant    0
    Data        0
    BSS         0
    Persistent  0
    Stack       0

Auto Spaces:
    Space          Size  Autos    Used
    COMMON           14      2       2
    BANK0            80      0       0
    BANK1            80      0       0
    BANK2            48      0       0

Pointer List with Targets:

    None.

Critical Paths under _main in COMMON

    None.

Critical Paths under _main in BANK0

    None.

Critical Paths under _main in BANK1

    None.

Critical Paths under _main in BANK2

    None.

Call Graph Tables:

 ---------------------------------------------------------------------------------
 (Depth) Function   	        Calls       Base Space   Used Autos Params    Refs
 ---------------------------------------------------------------------------------
 (0) _main                                                 2     2      0     165
                                              0 COMMON     2     2      0
 ---------------------------------------------------------------------------------
 Estimated maximum stack depth 0
 ---------------------------------------------------------------------------------

 Call Graph Graphs:

 _main (ROOT)

 Address spaces:
Name               Size   Autos  Total    Cost      Usage
BITCOMMON            E      0       0       0        0.0%
EEDATA              80      0       0       0        0.0%
NULL                 0      0       0       0        0.0%
CODE                 0      0       0       0        0.0%
COMMON               E      2       2       1       14.3%
BITSFR0              0      0       0       1        0.0%
SFR0                 0      0       0       1        0.0%
BITSFR1              0      0       0       2        0.0%
SFR1                 0      0       0       2        0.0%
STACK                0      0       0       2        0.0%
BANK0               50      0       0       3        0.0%
BITSFR3              0      0       0       4        0.0%
SFR3                 0      0       0       4        0.0%
ABS                  0      0       0       4        0.0%
BITBANK0            50      0       0       5        0.0%
BITSFR2              0      0       0       5        0.0%
SFR2                 0      0       0       5        0.0%
BITBANK1            50      0       0       6        0.0%
BANK1               50      0       0       7        0.0%
BITBANK2            30      0       0       8        0.0%
BANK2               30      0       0       9        0.0%
DATA                 0      0       0      10        0.0%


Microchip Technology PIC Macro Assembler V2.36 build 20220127204148 
Symbol Table                                                                                   Sat Oct 22 16:14:59 2022

                     l30 075B                       l32 0756                       l33 0768  
                     u10 0748                       u11 0747                       u20 074F  
                     u21 074E                       u30 0756                       u31 0755  
                     u40 075F                       u41 075E                       u50 076F  
                     u51 076E                       u60 0775                       u61 0774  
                     u70 0782                       u71 0781                       u80 07A7  
                     u81 07A6                       u90 07B4                       u91 07B3  
                     u75 077E                       u85 07A3                       u95 07B0  
                    l640 0733                      l632 072C                      l650 0738  
                    l642 0734                      l634 072E                      l660 0741  
                    l652 0739                      l644 0735                      l636 0731  
                    l670 076F                      l662 0748                      l654 073A  
                    l646 0736                      l638 0732                      l680 07A7  
                    l672 0771                      l664 074F                      l656 073B  
                    l648 0737                      l682 07B4                      l674 0775  
                    l666 075F                      l658 073F                      l684 07CB  
                    l676 0782                      l668 0760                      l686 07D8  
                    l678 079A                      l688 07E5                      u100 07D8  
                    u101 07D7                      u110 07E5                      u111 07E4  
                    u105 07D4                      u115 07E1                      _PS0 0408  
                    _PS1 0409                      _PS2 040A                      _PSA 040B  
                   _T0IF 005A                     _T0CS 040D                     _TMR0 0001  
                   _main 072C                     btemp 007E                     start 0000  
                  ?_main 0070                    _CMCON 001F                    status 0003  
                  wtemp0 007E          __initialization 07FE             __end_of_main 07FE  
                 ??_main 0070  __end_of__initialization 07FE           __pcstackCOMMON 0070  
             __pmaintext 072C     end_of_initialization 07FE                _PORTAbits 0005  
              _PORTBbits 0006                _TRISAbits 0085                _TRISBbits 0086  
    start_initialization 07FE                ___latbits 0000                 main@cont 0070  
