
ROM used: 61 (3%)
          61 (3%) including unused fragments

          0 Average locations per line
          8 Average locations per statement

RAM used: 6 (3%) at main() level
          7 (3%) worst case

Stack used: 1 worst case (out of 8 total available)

Lines Stmts  %   Files
----- ----- ---  -----
   21     8 100  BLINK.c
  222     0   0  ..\..\..\..\Program Files (x86)\PICC\devices\16F628A.h
----- -----
  243     8 Total

Page ROM  %  RAM   Vol Diff  Functions:
---- --- --- ---   --- ----  ----------
0     21  34   1             @delay_ms1
0     36  59   1   127  1.7  main

Program metrics:
    Functions               1
    Statements              8
    Comments                70
    Volume (V)              130
    Difficilty (D)          1.6
    Effort to implement (E) 211
    Time to implement (T)   0 minutes
    Est Delivered Bugs (B)  0
    Cyclomatic Complexity   1
    Maintainability (MI)    131

 Segment     Used  Free
-----------  ----  ----
00000-00003     4  0  
00004-007FF    57  1987  



